     1                                  extern printf
     2                                  extern c_area
     3                                  extern c_circum
     4                                  extern r_area
     5                                  extern r_circum
     6                                  global pi ; accessible to other external files
     7                                  section .data
     8 00000000 50455254FB210940          pi      dq  3.141592654
     9 00000008 0000000000002440          radius  dq  10.0
    10 00000010 0400000000000000          side1   dq  4
    11 00000018 0500000000000000          side2   dq  5
    12 00000020 25732025660A00            fmtf    db  "%s %f", 10, 0
    13 00000027 25732025640A00            fmti    db  "%s %d", 10, 0
    14 0000002E 54686520636972636C-       ca      db  "The circle area is ", 0
    14 00000037 652061726561206973-
    14 00000040 2000               
    15 00000042 54686520636972636C-       cc      db  "The circle circumference is ", 0
    15 0000004B 652063697263756D66-
    15 00000054 6572656E6365206973-
    15 0000005D 2000               
    16 0000005F 54686520726574616E-       ra      db  "The retangle area is ", 0
    16 00000068 676C65206172656120-
    16 00000071 69732000           
    17 00000075 54686520726574616E-       rc      db  "The retangle circumference is ", 0
    17 0000007E 676C65206369726375-
    17 00000087 6D666572656E636520-
    17 00000090 69732000           
    18                                  section .bss
    19                                  section .text
    20                                    global main
    21                                  main:
    22 00000000 55                      push  rbp
    23 00000001 4889E5                  mov   rbp, rsp
    24                                  
    25                                  ; circle area
    26 00000004 F20F100425-                   movsd xmm0, qword [radius] ; xmm0 is argument to c_area
    26 00000009 [08000000]         
    27 0000000D E8(00000000)                  call  c_area ; xmm0 holds return value
    28                                  
    29 00000012 48BF-                         mov   rdi, fmtf
    29 00000014 [2000000000000000] 
    30 0000001C 48BE-                         mov   rsi, ca
    30 0000001E [2E00000000000000] 
    31 00000026 B801000000                    mov   rax, 1
    32 0000002B E8(00000000)                  call  printf
    33                                  ; circle circumference
    34 00000030 F20F100425-                   movsd xmm0, qword [radius] ; xmm0 is argument to c_circum
    34 00000035 [08000000]         
    35 00000039 E8(00000000)                  call  c_circum ; xmm0 holds return value
    36                                  
    37 0000003E 48BF-                         mov   rdi, fmtf
    37 00000040 [2000000000000000] 
    38 00000048 48BE-                         mov   rsi, cc
    38 0000004A [4200000000000000] 
    39 00000052 B801000000                    mov   rax, 1
    40 00000057 E8(00000000)                  call  printf
    41                                  ; retangle area
    42 0000005C 488B3C25[10000000]            mov   rdi, [side1] ; rdi and rsi are used as params, rdx, and r0-15 are used as the next params
    43 00000064 488B3425[18000000]            mov   rsi, [side2]
    44 0000006C E8(00000000)                  call  r_area ; area returned in rax
    45                                  
    46 00000071 48BF-                         mov   rdi, fmti
    46 00000073 [2700000000000000] 
    47 0000007B 48BE-                         mov   rsi, ra
    47 0000007D [5F00000000000000] 
    48 00000085 4889C2                        mov   rdx, rax
    49 00000088 B800000000                    mov   rax, 0
    50 0000008D E8(00000000)                  call  printf
    51                                  ; retangle circumference
    52 00000092 488B3C25[10000000]            mov   rdi, [side1]
    53 0000009A 488B3425[18000000]            mov   rsi, [side2]
    54 000000A2 E8(00000000)                  call  r_circum ; circum returned in rax
    55                                  
    56 000000A7 48BF-                         mov   rdi, fmti
    56 000000A9 [2700000000000000] 
    57 000000B1 48BE-                         mov   rsi, rc
    57 000000B3 [7500000000000000] 
    58 000000BB 4889C2                        mov   rdx, rax
    59 000000BE B800000000                    mov   rax, 0
    60 000000C3 E8(00000000)                  call  printf
    61                                  
    62 000000C8 4889EC                  mov rsp, rbp
    63 000000CB 5D                      pop rbp
    64 000000CC C3                      ret
