     1                                  section .data
     2                                  section .bss
     3                                  section .text
     4                                  global r_area
     5                                  r_area:
     6                                    section .text
     7 00000000 55                        push  rbp
     8 00000001 4889E5                    mov   rbp, rsp
     9 00000004 4889F0                        mov   rax, rsi
    10 00000007 480FAFC7                      imul  rax, rdi
    11 0000000B 4889EC                    mov  rsp, rbp
    12 0000000E 5D                        pop rbp
    13 0000000F C3                        ret
    14                                  
    15                                  global r_circum
    16                                  r_circum:
    17                                    section .text
    18 00000010 55                        push  rbp
    19 00000011 4889E5                    mov   rbp, rsp
    20 00000014 4889F0                        mov   rax, rsi
    21 00000017 4801F8                        add   rax, rdi
    22 0000001A 4801C0                        add   rax, rax
    23 0000001D 4889EC                    mov   rsp, rbp
    24 00000020 5D                        pop   rbp
    25 00000021 C3                        ret 
