     1                                  extern printf
     2                                  section .data
     3 00000000 0000000000002240          number1   dq  9.0
     4 00000008 0000000000405240          number2   dq  73.0
     5 00000010 546865206E756D6265-       fmt       db  "The numbers are %f and %f", 10, 0
     5 00000019 727320617265202566-
     5 00000022 20616E642025660A00 
     6 0000002B 25732025660A00            fmtfloat  db  "%s %f", 10, 0
     7 00000032 54686520666C6F6174-       f_sum     db  "The float sum of %f and %f is %f", 10, 0
     7 0000003B 2073756D206F662025-
     7 00000044 6620616E6420256620-
     7 0000004D 69732025660A00     
     8 00000054 54686520666C6F6174-       f_dif     db  "The float dif of %f and %f is %f", 10, 0
     8 0000005D 20646966206F662025-
     8 00000066 6620616E6420256620-
     8 0000006F 69732025660A00     
     9 00000076 54686520666C6F6174-       f_mul     db  "The float mul of %f and %f is %f", 10, 0
     9 0000007F 206D756C206F662025-
     9 00000088 6620616E6420256620-
     9 00000091 69732025660A00     
    10 00000098 54686520666C6F6174-       f_div     db  "The float div of %f by %f is %f", 10, 0
    10 000000A1 20646976206F662025-
    10 000000AA 662062792025662069-
    10 000000B3 732025660A00       
    11 000000B9 54686520666C6F6174-       f_sqrt    db  "The float sqrt of %f is %f", 10, 0
    11 000000C2 2073717274206F6620-
    11 000000CB 25662069732025660A-
    11 000000D4 00                 
    12                                  section .bss
    13                                  section .text 
    14                                    global main
    15                                  main:
    16 00000000 55                        push  rbp
    17 00000001 4889E5                    mov   rbp, rsp
    18                                  ; print the numbers
    19 00000004 F20F100425-               movsd   xmm0, [number1] ; movsd is mov double precision float movss is mov single precision float
    19 00000009 [00000000]         
    20 0000000D F20F100C25-               movsd   xmm1, [number2]
    20 00000012 [08000000]         
    21 00000016 48BF-                     mov     rdi, fmt
    21 00000018 [1000000000000000] 
    22 00000020 B802000000                mov     rax, 2 ; 2 floats to print
    23 00000025 E8(00000000)              call    printf
    24                                  
    25                                  ; sum
    26 0000002A F20F101425-               movsd   xmm2, [number1]
    26 0000002F [00000000]         
    27 00000033 F20F581425-               addsd   xmm2, [number2]
    27 00000038 [08000000]         
    28 0000003C F20F100425-               movsd   xmm0, [number1]
    28 00000041 [00000000]         
    29 00000045 F20F100C25-               movsd   xmm1, [number2]
    29 0000004A [08000000]         
    30 0000004E 48BF-                     mov     rdi, f_sum
    30 00000050 [3200000000000000] 
    31 00000058 B803000000                mov     rax, 3  ; 3 argumnets in xmm which are floats
    32 0000005D E8(00000000)              call    printf
    33                                  
    34                                  ; difference
    35 00000062 F20F101425-               movsd   xmm2, [number1]
    35 00000067 [00000000]         
    36 0000006B F20F5C1425-               subsd   xmm2, [number2]
    36 00000070 [08000000]         
    37 00000074 F20F100425-               movsd   xmm0, [number1]
    37 00000079 [00000000]         
    38 0000007D F20F100C25-               movsd   xmm1, [number2]
    38 00000082 [08000000]         
    39 00000086 48BF-                     mov     rdi, f_dif
    39 00000088 [5400000000000000] 
    40 00000090 B803000000                mov     rax, 3  ; 3 argumnets in xmm which are floats
    41 00000095 E8(00000000)              call    printf
    42                                  
    43                                  ; sum
    44 0000009A F20F101425-               movsd   xmm2, [number1]
    44 0000009F [00000000]         
    45 000000A3 F20F591425-               mulsd   xmm2, [number2]
    45 000000A8 [08000000]         
    46 000000AC F20F100425-               movsd   xmm0, [number1]
    46 000000B1 [00000000]         
    47 000000B5 F20F100C25-               movsd   xmm1, [number2]
    47 000000BA [08000000]         
    48 000000BE 48BF-                     mov     rdi, f_mul
    48 000000C0 [7600000000000000] 
    49 000000C8 B803000000                mov     rax, 3  ; 3 argumnets in xmm which are floats
    50 000000CD E8(00000000)              call    printf
    51                                  
    52                                  ; div
    53 000000D2 F20F101425-               movsd   xmm2, [number1]
    53 000000D7 [00000000]         
    54 000000DB F20F5E1425-               divsd   xmm2, [number2]
    54 000000E0 [08000000]         
    55 000000E4 F20F100425-               movsd   xmm0, [number1]
    55 000000E9 [00000000]         
    56 000000ED F20F100C25-               movsd   xmm1, [number2]
    56 000000F2 [08000000]         
    57 000000F6 48BF-                     mov     rdi, f_div
    57 000000F8 [9800000000000000] 
    58 00000100 B801000000                mov     rax, 1  ; 1 argumnets in xmm which are floats
    59 00000105 E8(00000000)              call    printf
    60                                  
    61                                  ; sqrt
    62 0000010A F20F510C25-               sqrtsd  xmm1, [number1]
    62 0000010F [00000000]         
    63 00000113 48BF-                     mov     rdi, f_sqrt
    63 00000115 [B900000000000000] 
    64 0000011D F20F100425-               movsd   xmm0, [number1]
    64 00000122 [00000000]         
    65 00000126 B802000000                mov     rax, 2
    66 0000012B E8(00000000)              call    printf
    67                                  
    68 00000130 4889EC                  mov rsp, rbp
    69 00000133 5D                      pop rbp
    70 00000134 C3                      ret
