     1                                  extern printf
     2                                  section .data
     3 00000000 4100                      first   db  "A", 0
     4 00000002 4200                      second  db  "B", 0
     5 00000004 4300                      third   db  "C", 0
     6 00000006 4400                      fourth  db  "D", 0
     7 00000008 4500                      fifth   db  "E", 0
     8 0000000A 4600                      sixth   db  "F", 0
     9 0000000C 4700                      seventh db  "G", 0
    10 0000000E 4800                      eighth  db  "H", 0
    11 00000010 4900                      ninth   db  "I", 0
    12 00000012 4A00                      tenth   db  "J", 0
    13 00000014 54686520737472696E-       fmt1    db  "The string is: %s%s%s%s%s%s%s%s%s%s%s", 10, 0
    13 0000001D 672069733A20257325-
    13 00000026 732573257325732573-
    13 0000002F 257325732573257325-
    13 00000038 730A00             
    14 0000003B 5049203D2025660A00        fmt2    db  "PI = %f", 10, 0
    15 00000044 1F85EB51B81E0940          pi      dq  3.14
    16                                  section .bss
    17                                  section .text
    18                                    global main
    19                                  main:
    20 00000000 55                      push  rbp
    21 00000001 4889E5                  mov   rbp, rsp
    22                                  
    23 00000004 55                            push  rbp ; dummy push to ensure stack is 16-byte aligned (lsb needs to be 0)
    24 00000005 48BF-                         mov   rdi, fmt1
    24 00000007 [1400000000000000] 
    25 0000000F 48BE-                         mov   rsi, first
    25 00000011 [0000000000000000] 
    26 00000019 48BA-                         mov   rdx, second
    26 0000001B [0200000000000000] 
    27 00000023 48B9-                         mov   rcx, third
    27 00000025 [0400000000000000] 
    28 0000002D 49B8-                         mov   r8, fourth
    28 0000002F [0600000000000000] 
    29 00000037 49B9-                         mov   r9, fifth
    29 00000039 [0800000000000000] 
    30                                  
    31 00000041 68[12000000]                  push  tenth ; push other params in reverse order to stack
    32 00000046 68[10000000]                  push  ninth
    33 0000004B 68[0E000000]                  push  eighth
    34 00000050 68[0C000000]                  push  seventh
    35 00000055 68[0A000000]                  push  sixth
    36                                        
    37 0000005A B800000000                    mov   rax, 0
    38 0000005F 4883E4F0                      and   rsp, 0xfffffffffffffff0
    39 00000063 E8(00000000)                  call  printf
    40                                        ;add   rsp, 8 ; remove dummy push
    41 00000068 4883E4F0                      and   rsp, 0xfffffffffffffff0 ; 16 byte align the stack
    42 0000006C F20F100425-                   movsd xmm0, [pi]
    42 00000071 [44000000]         
    43 00000075 B801000000                    mov   rax, 1
    44 0000007A 48BF-                         mov   rdi, fmt2
    44 0000007C [3B00000000000000] 
    45 00000084 E8(00000000)                  call  printf
    46 00000089 C9                      leave
    47 0000008A C3                      ret
